11 10 9 8 7 6 5 4 3 2 1 0 
11 8 9 6 4 10 7 5 3 2 1 0 
12 8 9 6 1 0 10 11 7 5 4 3 2 
19 7 13 11 6 10 5 15 8 16 4 14 1 18 12 9 3 0 17 2 
11 3 4 8 2 7 5 9 1 6 10 0 
18 14 6 12 17 5 0 2 9 15 1 8 7 3 10 13 16 4 11 
11 10 3 5 2 0 8 9 4 1 7 6 
13 12 3 5 7 10 2 4 6 8 0 11 9 1 
10 5 1 2 3 4 0 8 6 9 7 
17 4 5 9 2 6 11 3 16 1 7 0 8 10 15 14 13 12 
13 2 10 3 9 8 11 0 12 7 6 5 1 4 
11 4 10 7 5 0 8 6 9 2 3 1 
10 1 2 9 4 7 0 3 6 5 8 
11 3 0 9 8 6 4 10 2 7 1 5 
18 3 1 4 16 13 6 9 11 2 10 8 14 0 15 5 17 12 7 
18 13 1 14 10 9 17 0 16 5 6 7 12 15 8 4 2 3 11 
18 11 8 13 9 14 5 10 1 16 2 7 4 12 6 15 3 17 0 
11 0 5 3 4 1 10 2 7 6 9 8 
12 10 3 8 4 6 1 11 2 5 9 7 0 
15 1 5 7 13 11 10 3 14 12 6 4 8 2 0 9 
18 16 3 13 9 2 12 17 0 15 8 5 6 14 1 11 7 10 4 
12 2 0 8 9 11 3 4 7 5 1 10 6 
16 0 6 3 1 2 9 15 13 11 4 7 14 12 5 10 8 
13 4 10 12 5 6 2 9 3 8 7 0 1 11 
12 7 4 0 11 6 5 9 10 1 2 3 8 
